{"C:\\Users\\bbs8\\socialprompt\\src\\components\\PromptResult.tsx": {"path":"C:\\Users\\bbs8\\socialprompt\\src\\components\\PromptResult.tsx","statementMap":{"0":{"start":{"line":12,"column":0},"end":{"line":12,"column":16}},"1":{"start":{"line":3,"column":0},"end":{"line":3,"column":33}},"2":{"start":{"line":5,"column":0},"end":{"line":5,"column":46}},"3":{"start":{"line":13,"column":30},"end":{"line":13,"column":45}},"4":{"start":{"line":16,"column":4},"end":{"line":32,"column":5}},"5":{"start":{"line":17,"column":6},"end":{"line":17,"column":58}},"6":{"start":{"line":18,"column":6},"end":{"line":18,"column":22}},"7":{"start":{"line":19,"column":6},"end":{"line":19,"column":47}},"8":{"start":{"line":19,"column":23},"end":{"line":19,"column":39}},"9":{"start":{"line":22,"column":23},"end":{"line":22,"column":57}},"10":{"start":{"line":23,"column":6},"end":{"line":23,"column":38}},"11":{"start":{"line":24,"column":6},"end":{"line":24,"column":40}},"12":{"start":{"line":25,"column":6},"end":{"line":25,"column":35}},"13":{"start":{"line":26,"column":6},"end":{"line":26,"column":42}},"14":{"start":{"line":27,"column":6},"end":{"line":27,"column":24}},"15":{"start":{"line":28,"column":6},"end":{"line":28,"column":35}},"16":{"start":{"line":29,"column":6},"end":{"line":29,"column":42}},"17":{"start":{"line":30,"column":6},"end":{"line":30,"column":22}},"18":{"start":{"line":31,"column":6},"end":{"line":31,"column":47}},"19":{"start":{"line":31,"column":23},"end":{"line":31,"column":39}},"20":{"start":{"line":35,"column":16},"end":{"line":35,"column":55}},"21":{"start":{"line":36,"column":31},"end":{"line":39,"column":4}},"22":{"start":{"line":41,"column":2},"end":{"line":126,"column":4}},"23":{"start":{"line":132,"column":2},"end":{"line":148,"column":4}},"24":{"start":{"line":152,"column":2},"end":{"line":167,"column":4}},"25":{"start":{"line":171,"column":2},"end":{"line":187,"column":4}}},"fnMap":{"0":{"name":"PromptResult","decl":{"start":{"line":12,"column":16},"end":{"line":12,"column":28}},"loc":{"start":{"line":12,"column":67},"end":{"line":127,"column":1}}},"1":{"name":"handleCopy","decl":{"start":{"line":15,"column":17},"end":{"line":15,"column":27}},"loc":{"start":{"line":15,"column":27},"end":{"line":33,"column":3}}},"2":{"name":"(anonymous_2)","decl":{"start":{"line":19,"column":17},"end":{"line":19,"column":20}},"loc":{"start":{"line":19,"column":23},"end":{"line":19,"column":39}}},"3":{"name":"(anonymous_3)","decl":{"start":{"line":31,"column":17},"end":{"line":31,"column":20}},"loc":{"start":{"line":31,"column":23},"end":{"line":31,"column":39}}},"4":{"name":"CopyIcon","decl":{"start":{"line":131,"column":9},"end":{"line":131,"column":17}},"loc":{"start":{"line":131,"column":17},"end":{"line":149,"column":1}}},"5":{"name":"CheckIcon","decl":{"start":{"line":151,"column":9},"end":{"line":151,"column":18}},"loc":{"start":{"line":151,"column":18},"end":{"line":168,"column":1}}},"6":{"name":"RefreshIcon","decl":{"start":{"line":170,"column":9},"end":{"line":170,"column":20}},"loc":{"start":{"line":170,"column":20},"end":{"line":188,"column":1}}}},"branchMap":{"0":{"loc":{"start":{"line":98,"column":12},"end":{"line":100,"column":null}},"type":"cond-expr","locations":[{"start":{"line":99,"column":16},"end":{"line":99,"column":70}},{"start":{"line":100,"column":16},"end":{"line":100,"column":null}}]},"1":{"loc":{"start":{"line":103,"column":11},"end":{"line":112,"column":null}},"type":"cond-expr","locations":[{"start":{"line":104,"column":12},"end":{"line":105,"column":null}},{"start":{"line":109,"column":12},"end":{"line":110,"column":null}}]}},"s":{"0":1,"1":1,"2":1,"3":10,"4":2,"5":2,"6":2,"7":2,"8":0,"9":0,"10":0,"11":0,"12":0,"13":0,"14":0,"15":0,"16":0,"17":0,"18":0,"19":0,"20":10,"21":10,"22":10,"23":8,"24":2,"25":10},"f":{"0":10,"1":2,"2":0,"3":0,"4":8,"5":2,"6":10},"b":{"0":[2,8],"1":[2,8]}}
,"C:\\Users\\bbs8\\socialprompt\\src\\components\\ResidentForm.tsx": {"path":"C:\\Users\\bbs8\\socialprompt\\src\\components\\ResidentForm.tsx","statementMap":{"0":{"start":{"line":45,"column":0},"end":{"line":45,"column":16}},"1":{"start":{"line":3,"column":0},"end":{"line":3,"column":33}},"2":{"start":{"line":5,"column":0},"end":{"line":5,"column":null}},"3":{"start":{"line":13,"column":0},"end":{"line":13,"column":46}},"4":{"start":{"line":14,"column":0},"end":{"line":14,"column":46}},"5":{"start":{"line":15,"column":0},"end":{"line":15,"column":52}},"6":{"start":{"line":16,"column":0},"end":{"line":16,"column":48}},"7":{"start":{"line":17,"column":0},"end":{"line":17,"column":null}},"8":{"start":{"line":24,"column":0},"end":{"line":24,"column":73}},"9":{"start":{"line":31,"column":22},"end":{"line":40,"column":2}},"10":{"start":{"line":46,"column":26},"end":{"line":46,"column":60}},"11":{"start":{"line":47,"column":30},"end":{"line":47,"column":55}},"12":{"start":{"line":50,"column":4},"end":{"line":50,"column":51}},"13":{"start":{"line":50,"column":22},"end":{"line":50,"column":49}},"14":{"start":{"line":51,"column":4},"end":{"line":53,"column":5}},"15":{"start":{"line":52,"column":6},"end":{"line":52,"column":59}},"16":{"start":{"line":52,"column":26},"end":{"line":52,"column":57}},"17":{"start":{"line":57,"column":30},"end":{"line":57,"column":32}},"18":{"start":{"line":58,"column":4},"end":{"line":58,"column":67}},"19":{"start":{"line":58,"column":29},"end":{"line":58,"column":67}},"20":{"start":{"line":59,"column":19},"end":{"line":59,"column":35}},"21":{"start":{"line":60,"column":4},"end":{"line":61,"column":63}},"22":{"start":{"line":61,"column":6},"end":{"line":61,"column":63}},"23":{"start":{"line":62,"column":4},"end":{"line":62,"column":93}},"24":{"start":{"line":62,"column":28},"end":{"line":62,"column":93}},"25":{"start":{"line":63,"column":4},"end":{"line":63,"column":101}},"26":{"start":{"line":63,"column":31},"end":{"line":63,"column":101}},"27":{"start":{"line":64,"column":4},"end":{"line":64,"column":108}},"28":{"start":{"line":64,"column":33},"end":{"line":64,"column":108}},"29":{"start":{"line":65,"column":4},"end":{"line":65,"column":76}},"30":{"start":{"line":65,"column":30},"end":{"line":65,"column":76}},"31":{"start":{"line":66,"column":4},"end":{"line":66,"column":16}},"32":{"start":{"line":70,"column":4},"end":{"line":70,"column":23}},"33":{"start":{"line":71,"column":17},"end":{"line":71,"column":27}},"34":{"start":{"line":72,"column":4},"end":{"line":75,"column":5}},"35":{"start":{"line":73,"column":6},"end":{"line":73,"column":22}},"36":{"start":{"line":74,"column":6},"end":{"line":74,"column":13}},"37":{"start":{"line":76,"column":4},"end":{"line":85,"column":7}},"38":{"start":{"line":88,"column":2},"end":{"line":319,"column":4}},"39":{"start":{"line":108,"column":31},"end":{"line":108,"column":60}},"40":{"start":{"line":127,"column":31},"end":{"line":127,"column":78}},"41":{"start":{"line":149,"column":34},"end":{"line":149,"column":72}},"42":{"start":{"line":161,"column":18},"end":{"line":161,"column":42}},"43":{"start":{"line":177,"column":36},"end":{"line":177,"column":80}},"44":{"start":{"line":189,"column":20},"end":{"line":189,"column":44}},"45":{"start":{"line":204,"column":36},"end":{"line":204,"column":84}},"46":{"start":{"line":216,"column":20},"end":{"line":216,"column":44}},"47":{"start":{"line":242,"column":29},"end":{"line":242,"column":59}},"48":{"start":{"line":266,"column":29},"end":{"line":266,"column":60}},"49":{"start":{"line":279,"column":32},"end":{"line":279,"column":68}},"50":{"start":{"line":283,"column":12},"end":{"line":284,"column":null}}},"fnMap":{"0":{"name":"ResidentForm","decl":{"start":{"line":45,"column":16},"end":{"line":45,"column":28}},"loc":{"start":{"line":45,"column":79},"end":{"line":320,"column":1}}},"1":{"name":"set","decl":{"start":{"line":49,"column":11},"end":{"line":49,"column":14}},"loc":{"start":{"line":49,"column":69},"end":{"line":54,"column":3}}},"2":{"name":"(anonymous_2)","decl":{"start":{"line":50,"column":12},"end":{"line":50,"column":13}},"loc":{"start":{"line":50,"column":22},"end":{"line":50,"column":49}}},"3":{"name":"(anonymous_3)","decl":{"start":{"line":52,"column":16},"end":{"line":52,"column":17}},"loc":{"start":{"line":52,"column":26},"end":{"line":52,"column":57}}},"4":{"name":"validate","decl":{"start":{"line":56,"column":11},"end":{"line":56,"column":19}},"loc":{"start":{"line":56,"column":19},"end":{"line":67,"column":3}}},"5":{"name":"handleSubmit","decl":{"start":{"line":69,"column":11},"end":{"line":69,"column":23}},"loc":{"start":{"line":69,"column":42},"end":{"line":86,"column":3}}},"6":{"name":"(anonymous_6)","decl":{"start":{"line":108,"column":24},"end":{"line":108,"column":25}},"loc":{"start":{"line":108,"column":31},"end":{"line":108,"column":60}}},"7":{"name":"(anonymous_7)","decl":{"start":{"line":127,"column":24},"end":{"line":127,"column":25}},"loc":{"start":{"line":127,"column":31},"end":{"line":127,"column":78}}},"8":{"name":"(anonymous_8)","decl":{"start":{"line":149,"column":27},"end":{"line":149,"column":28}},"loc":{"start":{"line":149,"column":34},"end":{"line":149,"column":72}}},"9":{"name":"(anonymous_9)","decl":{"start":{"line":160,"column":16},"end":{"line":160,"column":17}},"loc":{"start":{"line":161,"column":18},"end":{"line":161,"column":42}}},"10":{"name":"(anonymous_10)","decl":{"start":{"line":177,"column":29},"end":{"line":177,"column":30}},"loc":{"start":{"line":177,"column":36},"end":{"line":177,"column":80}}},"11":{"name":"(anonymous_11)","decl":{"start":{"line":188,"column":18},"end":{"line":188,"column":19}},"loc":{"start":{"line":189,"column":20},"end":{"line":189,"column":44}}},"12":{"name":"(anonymous_12)","decl":{"start":{"line":204,"column":29},"end":{"line":204,"column":30}},"loc":{"start":{"line":204,"column":36},"end":{"line":204,"column":84}}},"13":{"name":"(anonymous_13)","decl":{"start":{"line":215,"column":18},"end":{"line":215,"column":19}},"loc":{"start":{"line":216,"column":20},"end":{"line":216,"column":44}}},"14":{"name":"(anonymous_14)","decl":{"start":{"line":242,"column":22},"end":{"line":242,"column":23}},"loc":{"start":{"line":242,"column":29},"end":{"line":242,"column":59}}},"15":{"name":"(anonymous_15)","decl":{"start":{"line":266,"column":22},"end":{"line":266,"column":23}},"loc":{"start":{"line":266,"column":29},"end":{"line":266,"column":60}}},"16":{"name":"(anonymous_16)","decl":{"start":{"line":279,"column":25},"end":{"line":279,"column":26}},"loc":{"start":{"line":279,"column":32},"end":{"line":279,"column":68}}},"17":{"name":"(anonymous_17)","decl":{"start":{"line":282,"column":67},"end":{"line":282,"column":68}},"loc":{"start":{"line":283,"column":12},"end":{"line":284,"column":null}}}},"branchMap":{"0":{"loc":{"start":{"line":45,"column":41},"end":{"line":45,"column":58}},"type":"default-arg","locations":[{"start":{"line":45,"column":53},"end":{"line":45,"column":58}}]},"1":{"loc":{"start":{"line":51,"column":4},"end":{"line":53,"column":5}},"type":"if","locations":[{"start":{"line":51,"column":4},"end":{"line":53,"column":5}},{"start":{},"end":{}}]},"2":{"loc":{"start":{"line":58,"column":4},"end":{"line":58,"column":67}},"type":"if","locations":[{"start":{"line":58,"column":4},"end":{"line":58,"column":67}},{"start":{},"end":{}}]},"3":{"loc":{"start":{"line":60,"column":4},"end":{"line":61,"column":63}},"type":"if","locations":[{"start":{"line":60,"column":4},"end":{"line":61,"column":63}},{"start":{},"end":{}}]},"4":{"loc":{"start":{"line":60,"column":8},"end":{"line":60,"column":64}},"type":"binary-expr","locations":[{"start":{"line":60,"column":8},"end":{"line":60,"column":17}},{"start":{"line":60,"column":21},"end":{"line":60,"column":34}},{"start":{"line":60,"column":38},"end":{"line":60,"column":49}},{"start":{"line":60,"column":53},"end":{"line":60,"column":64}}]},"5":{"loc":{"start":{"line":62,"column":4},"end":{"line":62,"column":93}},"type":"if","locations":[{"start":{"line":62,"column":4},"end":{"line":62,"column":93}},{"start":{},"end":{}}]},"6":{"loc":{"start":{"line":63,"column":4},"end":{"line":63,"column":101}},"type":"if","locations":[{"start":{"line":63,"column":4},"end":{"line":63,"column":101}},{"start":{},"end":{}}]},"7":{"loc":{"start":{"line":64,"column":4},"end":{"line":64,"column":108}},"type":"if","locations":[{"start":{"line":64,"column":4},"end":{"line":64,"column":108}},{"start":{},"end":{}}]},"8":{"loc":{"start":{"line":65,"column":4},"end":{"line":65,"column":76}},"type":"if","locations":[{"start":{"line":65,"column":4},"end":{"line":65,"column":76}},{"start":{},"end":{}}]},"9":{"loc":{"start":{"line":72,"column":4},"end":{"line":75,"column":5}},"type":"if","locations":[{"start":{"line":72,"column":4},"end":{"line":75,"column":5}},{"start":{},"end":{}}]},"10":{"loc":{"start":{"line":84,"column":16},"end":{"line":84,"column":49}},"type":"binary-expr","locations":[{"start":{"line":84,"column":16},"end":{"line":84,"column":36}},{"start":{"line":84,"column":40},"end":{"line":84,"column":49}}]},"11":{"loc":{"start":{"line":109,"column":32},"end":{"line":109,"column":74}},"type":"cond-expr","locations":[{"start":{"line":109,"column":48},"end":{"line":109,"column":62}},{"start":{"line":109,"column":65},"end":{"line":109,"column":74}}]},"12":{"loc":{"start":{"line":112,"column":13},"end":{"line":113,"column":null}},"type":"binary-expr","locations":[{"start":{"line":112,"column":13},"end":{"line":112,"column":26}},{"start":{"line":113,"column":14},"end":{"line":113,"column":87}}]},"13":{"loc":{"start":{"line":126,"column":21},"end":{"line":126,"column":52}},"type":"cond-expr","locations":[{"start":{"line":126,"column":39},"end":{"line":126,"column":41}},{"start":{"line":126,"column":44},"end":{"line":126,"column":52}}]},"14":{"loc":{"start":{"line":128,"column":32},"end":{"line":128,"column":68}},"type":"cond-expr","locations":[{"start":{"line":128,"column":45},"end":{"line":128,"column":56}},{"start":{"line":128,"column":59},"end":{"line":128,"column":68}}]},"15":{"loc":{"start":{"line":131,"column":13},"end":{"line":132,"column":null}},"type":"binary-expr","locations":[{"start":{"line":131,"column":13},"end":{"line":131,"column":23}},{"start":{"line":132,"column":14},"end":{"line":132,"column":81}}]},"16":{"loc":{"start":{"line":153,"column":32},"end":{"line":153,"column":82}},"type":"cond-expr","locations":[{"start":{"line":153,"column":54},"end":{"line":153,"column":70}},{"start":{"line":153,"column":73},"end":{"line":153,"column":82}}]},"17":{"loc":{"start":{"line":166,"column":11},"end":{"line":167,"column":null}},"type":"binary-expr","locations":[{"start":{"line":166,"column":11},"end":{"line":166,"column":30}},{"start":{"line":167,"column":12},"end":{"line":167,"column":93}}]},"18":{"loc":{"start":{"line":181,"column":34},"end":{"line":181,"column":88}},"type":"cond-expr","locations":[{"start":{"line":181,"column":59},"end":{"line":181,"column":76}},{"start":{"line":181,"column":79},"end":{"line":181,"column":88}}]},"19":{"loc":{"start":{"line":194,"column":13},"end":{"line":195,"column":null}},"type":"binary-expr","locations":[{"start":{"line":194,"column":13},"end":{"line":194,"column":35}},{"start":{"line":195,"column":14},"end":{"line":195,"column":99}}]},"20":{"loc":{"start":{"line":208,"column":34},"end":{"line":208,"column":94}},"type":"cond-expr","locations":[{"start":{"line":208,"column":61},"end":{"line":208,"column":82}},{"start":{"line":208,"column":85},"end":{"line":208,"column":94}}]},"21":{"loc":{"start":{"line":221,"column":13},"end":{"line":222,"column":null}},"type":"binary-expr","locations":[{"start":{"line":221,"column":13},"end":{"line":221,"column":37}},{"start":{"line":222,"column":14},"end":{"line":222,"column":105}}]},"22":{"loc":{"start":{"line":243,"column":30},"end":{"line":243,"column":73}},"type":"cond-expr","locations":[{"start":{"line":243,"column":47},"end":{"line":243,"column":59}},{"start":{"line":243,"column":62},"end":{"line":243,"column":73}}]},"23":{"loc":{"start":{"line":246,"column":11},"end":{"line":251,"column":null}},"type":"cond-expr","locations":[{"start":{"line":247,"column":12},"end":{"line":247,"column":84}},{"start":{"line":249,"column":12},"end":{"line":249,"column":null}}]},"24":{"loc":{"start":{"line":287,"column":16},"end":{"line":289,"column":null}},"type":"cond-expr","locations":[{"start":{"line":288,"column":20},"end":{"line":288,"column":52}},{"start":{"line":289,"column":20},"end":{"line":289,"column":null}}]},"25":{"loc":{"start":{"line":316,"column":9},"end":{"line":316,"column":65}},"type":"cond-expr","locations":[{"start":{"line":316,"column":21},"end":{"line":316,"column":43}},{"start":{"line":316,"column":46},"end":{"line":316,"column":65}}]}},"s":{"0":1,"1":1,"2":1,"3":1,"4":1,"5":1,"6":1,"7":1,"8":1,"9":1,"10":17,"11":17,"12":8,"13":8,"14":8,"15":0,"16":0,"17":2,"18":2,"19":1,"20":2,"21":2,"22":2,"23":2,"24":2,"25":2,"26":2,"27":2,"28":2,"29":2,"30":2,"31":2,"32":2,"33":2,"34":2,"35":2,"36":2,"37":0,"38":17,"39":6,"40":2,"41":0,"42":68,"43":0,"44":51,"45":0,"46":51,"47":0,"48":0,"49":0,"50":51},"f":{"0":17,"1":8,"2":8,"3":0,"4":2,"5":2,"6":6,"7":2,"8":0,"9":68,"10":0,"11":51,"12":0,"13":51,"14":0,"15":0,"16":0,"17":51},"b":{"0":[16],"1":[0,8],"2":[1,1],"3":[2,0],"4":[2,1,1,0],"5":[2,0],"6":[2,0],"7":[2,0],"8":[2,0],"9":[2,0],"10":[0,0],"11":[1,16],"12":[17,1],"13":[14,3],"14":[2,15],"15":[17,2],"16":[2,15],"17":[17,2],"18":[2,15],"19":[17,2],"20":[2,15],"21":[17,2],"22":[2,15],"23":[2,15],"24":[17,34],"25":[1,16]}}
,"C:\\Users\\bbs8\\socialprompt\\src\\components\\WarningBanner.tsx": {"path":"C:\\Users\\bbs8\\socialprompt\\src\\components\\WarningBanner.tsx","statementMap":{"0":{"start":{"line":5,"column":0},"end":{"line":5,"column":16}},"1":{"start":{"line":3,"column":0},"end":{"line":3,"column":44}},"2":{"start":{"line":6,"column":36},"end":{"line":6,"column":51}},"3":{"start":{"line":9,"column":2},"end":{"line":16,"column":18}},"4":{"start":{"line":10,"column":4},"end":{"line":10,"column":27}},"5":{"start":{"line":10,"column":20},"end":{"line":10,"column":27}},"6":{"start":{"line":12,"column":6},"end":{"line":12,"column":50}},"7":{"start":{"line":12,"column":30},"end":{"line":12,"column":50}},"8":{"start":{"line":14,"column":4},"end":{"line":14,"column":52}},"9":{"start":{"line":15,"column":4},"end":{"line":15,"column":68}},"10":{"start":{"line":15,"column":17},"end":{"line":15,"column":67}},"11":{"start":{"line":19,"column":2},"end":{"line":22,"column":18}},"12":{"start":{"line":20,"column":4},"end":{"line":20,"column":61}},"13":{"start":{"line":21,"column":4},"end":{"line":21,"column":56}},"14":{"start":{"line":21,"column":19},"end":{"line":21,"column":53}},"15":{"start":{"line":24,"column":2},"end":{"line":145,"column":4}},"16":{"start":{"line":36,"column":25},"end":{"line":36,"column":43}},"17":{"start":{"line":54,"column":27},"end":{"line":54,"column":46}},"18":{"start":{"line":72,"column":31},"end":{"line":72,"column":50}},"19":{"start":{"line":135,"column":31},"end":{"line":135,"column":50}},"20":{"start":{"line":157,"column":2},"end":{"line":165,"column":4}}},"fnMap":{"0":{"name":"WarningBanner","decl":{"start":{"line":5,"column":16},"end":{"line":5,"column":29}},"loc":{"start":{"line":5,"column":29},"end":{"line":146,"column":1}}},"1":{"name":"(anonymous_1)","decl":{"start":{"line":9,"column":12},"end":{"line":9,"column":15}},"loc":{"start":{"line":9,"column":17},"end":{"line":16,"column":3}}},"2":{"name":"onKeyDown","decl":{"start":{"line":11,"column":13},"end":{"line":11,"column":22}},"loc":{"start":{"line":11,"column":39},"end":{"line":13,"column":5}}},"3":{"name":"(anonymous_3)","decl":{"start":{"line":15,"column":11},"end":{"line":15,"column":14}},"loc":{"start":{"line":15,"column":17},"end":{"line":15,"column":67}}},"4":{"name":"(anonymous_4)","decl":{"start":{"line":19,"column":12},"end":{"line":19,"column":15}},"loc":{"start":{"line":19,"column":17},"end":{"line":22,"column":3}}},"5":{"name":"(anonymous_5)","decl":{"start":{"line":21,"column":11},"end":{"line":21,"column":14}},"loc":{"start":{"line":21,"column":16},"end":{"line":21,"column":55}}},"6":{"name":"(anonymous_6)","decl":{"start":{"line":36,"column":19},"end":{"line":36,"column":22}},"loc":{"start":{"line":36,"column":25},"end":{"line":36,"column":43}}},"7":{"name":"(anonymous_7)","decl":{"start":{"line":54,"column":21},"end":{"line":54,"column":24}},"loc":{"start":{"line":54,"column":27},"end":{"line":54,"column":46}}},"8":{"name":"(anonymous_8)","decl":{"start":{"line":72,"column":25},"end":{"line":72,"column":28}},"loc":{"start":{"line":72,"column":31},"end":{"line":72,"column":50}}},"9":{"name":"(anonymous_9)","decl":{"start":{"line":135,"column":25},"end":{"line":135,"column":28}},"loc":{"start":{"line":135,"column":31},"end":{"line":135,"column":50}}},"10":{"name":"Section","decl":{"start":{"line":148,"column":9},"end":{"line":148,"column":16}},"loc":{"start":{"line":156,"column":1},"end":{"line":166,"column":1}}}},"branchMap":{"0":{"loc":{"start":{"line":10,"column":4},"end":{"line":10,"column":27}},"type":"if","locations":[{"start":{"line":10,"column":4},"end":{"line":10,"column":27}},{"start":{},"end":{}}]},"1":{"loc":{"start":{"line":12,"column":6},"end":{"line":12,"column":50}},"type":"if","locations":[{"start":{"line":12,"column":6},"end":{"line":12,"column":50}},{"start":{},"end":{}}]},"2":{"loc":{"start":{"line":20,"column":35},"end":{"line":20,"column":60}},"type":"cond-expr","locations":[{"start":{"line":20,"column":47},"end":{"line":20,"column":55}},{"start":{"line":20,"column":58},"end":{"line":20,"column":60}}]},"3":{"loc":{"start":{"line":44,"column":7},"end":{"line":142,"column":null}},"type":"binary-expr","locations":[{"start":{"line":44,"column":7},"end":{"line":44,"column":16}},{"start":{"line":45,"column":8},"end":{"line":141,"column":null}}]}},"s":{"0":0,"1":0,"2":0,"3":0,"4":0,"5":0,"6":0,"7":0,"8":0,"9":0,"10":0,"11":0,"12":0,"13":0,"14":0,"15":0,"16":0,"17":0,"18":0,"19":0,"20":0},"f":{"0":0,"1":0,"2":0,"3":0,"4":0,"5":0,"6":0,"7":0,"8":0,"9":0,"10":0},"b":{"0":[0,0],"1":[0,0],"2":[0,0],"3":[0,0]}}
,"C:\\Users\\bbs8\\socialprompt\\src\\lib\\utils.ts": {"path":"C:\\Users\\bbs8\\socialprompt\\src\\lib\\utils.ts","statementMap":{"0":{"start":{"line":4,"column":0},"end":{"line":4,"column":16}},"1":{"start":{"line":1,"column":0},"end":{"line":1,"column":45}},"2":{"start":{"line":2,"column":0},"end":{"line":2,"column":41}},"3":{"start":{"line":5,"column":2},"end":{"line":5,"column":31}}},"fnMap":{"0":{"name":"cn","decl":{"start":{"line":4,"column":16},"end":{"line":4,"column":18}},"loc":{"start":{"line":4,"column":42},"end":{"line":6,"column":1}}}},"branchMap":{},"s":{"0":1,"1":1,"2":1,"3":697},"f":{"0":697},"b":{}}
,"C:\\Users\\bbs8\\socialprompt\\src\\lib\\prompts\\animation.ts": {"path":"C:\\Users\\bbs8\\socialprompt\\src\\lib\\prompts\\animation.ts","statementMap":{"0":{"start":{"line":8,"column":0},"end":{"line":8,"column":16}},"1":{"start":{"line":2,"column":0},"end":{"line":2,"column":null}},"2":{"start":{"line":17,"column":6},"end":{"line":17,"column":13}},"3":{"start":{"line":19,"column":26},"end":{"line":21,"column":48}},"4":{"start":{"line":23,"column":2},"end":{"line":55,"column":34}}},"fnMap":{"0":{"name":"generateAnimationPrompt","decl":{"start":{"line":8,"column":16},"end":{"line":8,"column":39}},"loc":{"start":{"line":8,"column":64},"end":{"line":56,"column":1}}}},"branchMap":{"0":{"loc":{"start":{"line":19,"column":26},"end":{"line":21,"column":48}},"type":"cond-expr","locations":[{"start":{"line":20,"column":6},"end":{"line":20,"column":64}},{"start":{"line":21,"column":6},"end":{"line":21,"column":48}}]},"1":{"loc":{"start":{"line":19,"column":26},"end":{"line":19,"column":42}},"type":"cond-expr","locations":[{"start":{"line":19,"column":34},"end":{"line":19,"column":36}},{"start":{"line":19,"column":26},"end":{"line":19,"column":42}}]},"2":{"loc":{"start":{"line":19,"column":26},"end":{"line":19,"column":36}},"type":"binary-expr","locations":[{"start":{"line":19,"column":26},"end":{"line":19,"column":36}},{"start":{"line":19,"column":26},"end":{"line":19,"column":36}}]}},"s":{"0":2,"1":2,"2":13,"3":13,"4":13},"f":{"0":13},"b":{"0":[1,12],"1":[12,1],"2":[13,13]}}
,"C:\\Users\\bbs8\\socialprompt\\src\\lib\\prompts\\index.ts": {"path":"C:\\Users\\bbs8\\socialprompt\\src\\lib\\prompts\\index.ts","statementMap":{"0":{"start":{"line":6,"column":0},"end":{"line":6,"column":16}},"1":{"start":{"line":2,"column":0},"end":{"line":2,"column":54}},"2":{"start":{"line":3,"column":0},"end":{"line":3,"column":42}},"3":{"start":{"line":4,"column":0},"end":{"line":4,"column":54}},"4":{"start":{"line":7,"column":21},"end":{"line":11,"column":4}},"5":{"start":{"line":13,"column":18},"end":{"line":13,"column":58}},"6":{"start":{"line":15,"column":2},"end":{"line":20,"column":4}}},"fnMap":{"0":{"name":"generatePrompt","decl":{"start":{"line":6,"column":16},"end":{"line":6,"column":30}},"loc":{"start":{"line":6,"column":55},"end":{"line":21,"column":1}}}},"branchMap":{},"s":{"0":1,"1":1,"2":1,"3":1,"4":7,"5":7,"6":7},"f":{"0":7},"b":{}}
,"C:\\Users\\bbs8\\socialprompt\\src\\lib\\prompts\\mediation.ts": {"path":"C:\\Users\\bbs8\\socialprompt\\src\\lib\\prompts\\mediation.ts","statementMap":{"0":{"start":{"line":8,"column":0},"end":{"line":8,"column":16}},"1":{"start":{"line":2,"column":0},"end":{"line":2,"column":null}},"2":{"start":{"line":17,"column":6},"end":{"line":17,"column":13}},"3":{"start":{"line":19,"column":21},"end":{"line":21,"column":104}},"4":{"start":{"line":23,"column":2},"end":{"line":77,"column":66}}},"fnMap":{"0":{"name":"generateMediationPrompt","decl":{"start":{"line":8,"column":16},"end":{"line":8,"column":39}},"loc":{"start":{"line":8,"column":64},"end":{"line":78,"column":1}}}},"branchMap":{"0":{"loc":{"start":{"line":19,"column":21},"end":{"line":21,"column":104}},"type":"cond-expr","locations":[{"start":{"line":20,"column":6},"end":{"line":20,"column":57}},{"start":{"line":21,"column":6},"end":{"line":21,"column":104}}]},"1":{"loc":{"start":{"line":19,"column":21},"end":{"line":19,"column":37}},"type":"cond-expr","locations":[{"start":{"line":19,"column":29},"end":{"line":19,"column":31}},{"start":{"line":19,"column":21},"end":{"line":19,"column":37}}]},"2":{"loc":{"start":{"line":19,"column":21},"end":{"line":19,"column":31}},"type":"binary-expr","locations":[{"start":{"line":19,"column":21},"end":{"line":19,"column":31}},{"start":{"line":19,"column":21},"end":{"line":19,"column":31}}]}},"s":{"0":2,"1":2,"2":7,"3":7,"4":7},"f":{"0":7},"b":{"0":[1,6],"1":[6,1],"2":[7,7]}}
,"C:\\Users\\bbs8\\socialprompt\\src\\lib\\prompts\\ppa.ts": {"path":"C:\\Users\\bbs8\\socialprompt\\src\\lib\\prompts\\ppa.ts","statementMap":{"0":{"start":{"line":8,"column":0},"end":{"line":8,"column":16}},"1":{"start":{"line":2,"column":0},"end":{"line":2,"column":null}},"2":{"start":{"line":17,"column":6},"end":{"line":17,"column":13}},"3":{"start":{"line":19,"column":24},"end":{"line":21,"column":45}},"4":{"start":{"line":23,"column":2},"end":{"line":65,"column":73}}},"fnMap":{"0":{"name":"generatePPAPrompt","decl":{"start":{"line":8,"column":16},"end":{"line":8,"column":33}},"loc":{"start":{"line":8,"column":58},"end":{"line":66,"column":1}}}},"branchMap":{"0":{"loc":{"start":{"line":19,"column":24},"end":{"line":21,"column":45}},"type":"cond-expr","locations":[{"start":{"line":20,"column":6},"end":{"line":20,"column":60}},{"start":{"line":21,"column":6},"end":{"line":21,"column":45}}]},"1":{"loc":{"start":{"line":19,"column":24},"end":{"line":19,"column":40}},"type":"cond-expr","locations":[{"start":{"line":19,"column":32},"end":{"line":19,"column":34}},{"start":{"line":19,"column":24},"end":{"line":19,"column":40}}]},"2":{"loc":{"start":{"line":19,"column":24},"end":{"line":19,"column":34}},"type":"binary-expr","locations":[{"start":{"line":19,"column":24},"end":{"line":19,"column":34}},{"start":{"line":19,"column":24},"end":{"line":19,"column":34}}]}},"s":{"0":2,"1":2,"2":9,"3":9,"4":9},"f":{"0":9},"b":{"0":[1,8],"1":[8,1],"2":[9,9]}}
,"C:\\Users\\bbs8\\socialprompt\\src\\types\\index.ts": {"path":"C:\\Users\\bbs8\\socialprompt\\src\\types\\index.ts","statementMap":{"0":{"start":{"line":50,"column":13},"end":{"line":55,"column":2}},"1":{"start":{"line":57,"column":13},"end":{"line":61,"column":2}},"2":{"start":{"line":63,"column":13},"end":{"line":67,"column":2}},"3":{"start":{"line":69,"column":13},"end":{"line":73,"column":2}},"4":{"start":{"line":75,"column":13},"end":{"line":81,"column":2}}},"fnMap":{},"branchMap":{},"s":{"0":6,"1":6,"2":6,"3":6,"4":6},"f":{},"b":{}}
}
