TN:
SF:src\components\PromptResult.tsx
FN:12,PromptResult
FN:15,handleCopy
FN:19,(anonymous_2)
FN:31,(anonymous_3)
FN:131,CopyIcon
FN:151,CheckIcon
FN:170,RefreshIcon
FNF:7
FNH:5
FNDA:10,PromptResult
FNDA:2,handleCopy
FNDA:0,(anonymous_2)
FNDA:0,(anonymous_3)
FNDA:8,CopyIcon
FNDA:2,CheckIcon
FNDA:10,RefreshIcon
DA:3,1
DA:5,1
DA:12,1
DA:13,10
DA:16,2
DA:17,2
DA:18,2
DA:19,2
DA:22,0
DA:23,0
DA:24,0
DA:25,0
DA:26,0
DA:27,0
DA:28,0
DA:29,0
DA:30,0
DA:31,0
DA:35,10
DA:36,10
DA:41,10
DA:132,8
DA:152,2
DA:171,10
LF:24
LH:14
BRDA:98,0,0,2
BRDA:98,0,1,8
BRDA:103,1,0,2
BRDA:103,1,1,8
BRF:4
BRH:4
end_of_record
TN:
SF:src\components\ResidentForm.tsx
FN:45,ResidentForm
FN:49,set
FN:50,(anonymous_2)
FN:52,(anonymous_3)
FN:56,validate
FN:69,handleSubmit
FN:108,(anonymous_6)
FN:127,(anonymous_7)
FN:149,(anonymous_8)
FN:160,(anonymous_9)
FN:177,(anonymous_10)
FN:188,(anonymous_11)
FN:204,(anonymous_12)
FN:215,(anonymous_13)
FN:242,(anonymous_14)
FN:266,(anonymous_15)
FN:279,(anonymous_16)
FN:282,(anonymous_17)
FNF:18
FNH:11
FNDA:17,ResidentForm
FNDA:8,set
FNDA:8,(anonymous_2)
FNDA:0,(anonymous_3)
FNDA:2,validate
FNDA:2,handleSubmit
FNDA:6,(anonymous_6)
FNDA:2,(anonymous_7)
FNDA:0,(anonymous_8)
FNDA:68,(anonymous_9)
FNDA:0,(anonymous_10)
FNDA:51,(anonymous_11)
FNDA:0,(anonymous_12)
FNDA:51,(anonymous_13)
FNDA:0,(anonymous_14)
FNDA:0,(anonymous_15)
FNDA:0,(anonymous_16)
FNDA:51,(anonymous_17)
DA:3,1
DA:5,1
DA:13,1
DA:14,1
DA:15,1
DA:16,1
DA:17,1
DA:24,1
DA:31,1
DA:45,1
DA:46,17
DA:47,17
DA:50,8
DA:51,8
DA:52,0
DA:57,2
DA:58,2
DA:59,2
DA:60,2
DA:61,2
DA:62,2
DA:63,2
DA:64,2
DA:65,2
DA:66,2
DA:70,2
DA:71,2
DA:72,2
DA:73,2
DA:74,2
DA:76,0
DA:88,17
DA:108,6
DA:127,2
DA:149,0
DA:161,68
DA:177,0
DA:189,51
DA:204,0
DA:216,51
DA:242,0
DA:266,0
DA:279,0
DA:283,51
LF:44
LH:36
BRDA:45,0,0,16
BRDA:51,1,0,0
BRDA:51,1,1,8
BRDA:58,2,0,1
BRDA:58,2,1,1
BRDA:60,3,0,2
BRDA:60,3,1,0
BRDA:60,4,0,2
BRDA:60,4,1,1
BRDA:60,4,2,1
BRDA:60,4,3,0
BRDA:62,5,0,2
BRDA:62,5,1,0
BRDA:63,6,0,2
BRDA:63,6,1,0
BRDA:64,7,0,2
BRDA:64,7,1,0
BRDA:65,8,0,2
BRDA:65,8,1,0
BRDA:72,9,0,2
BRDA:72,9,1,0
BRDA:84,10,0,0
BRDA:84,10,1,0
BRDA:109,11,0,1
BRDA:109,11,1,16
BRDA:112,12,0,17
BRDA:112,12,1,1
BRDA:126,13,0,14
BRDA:126,13,1,3
BRDA:128,14,0,2
BRDA:128,14,1,15
BRDA:131,15,0,17
BRDA:131,15,1,2
BRDA:153,16,0,2
BRDA:153,16,1,15
BRDA:166,17,0,17
BRDA:166,17,1,2
BRDA:181,18,0,2
BRDA:181,18,1,15
BRDA:194,19,0,17
BRDA:194,19,1,2
BRDA:208,20,0,2
BRDA:208,20,1,15
BRDA:221,21,0,17
BRDA:221,21,1,2
BRDA:243,22,0,2
BRDA:243,22,1,15
BRDA:246,23,0,2
BRDA:246,23,1,15
BRDA:287,24,0,17
BRDA:287,24,1,34
BRDA:316,25,0,1
BRDA:316,25,1,16
BRF:53
BRH:43
end_of_record
TN:
SF:src\components\WarningBanner.tsx
FN:5,WarningBanner
FN:9,(anonymous_1)
FN:11,onKeyDown
FN:15,(anonymous_3)
FN:19,(anonymous_4)
FN:21,(anonymous_5)
FN:36,(anonymous_6)
FN:54,(anonymous_7)
FN:72,(anonymous_8)
FN:135,(anonymous_9)
FN:148,Section
FNF:11
FNH:0
FNDA:0,WarningBanner
FNDA:0,(anonymous_1)
FNDA:0,onKeyDown
FNDA:0,(anonymous_3)
FNDA:0,(anonymous_4)
FNDA:0,(anonymous_5)
FNDA:0,(anonymous_6)
FNDA:0,(anonymous_7)
FNDA:0,(anonymous_8)
FNDA:0,(anonymous_9)
FNDA:0,Section
DA:3,0
DA:5,0
DA:6,0
DA:9,0
DA:10,0
DA:12,0
DA:14,0
DA:15,0
DA:19,0
DA:20,0
DA:21,0
DA:24,0
DA:36,0
DA:54,0
DA:72,0
DA:135,0
DA:157,0
LF:17
LH:0
BRDA:10,0,0,0
BRDA:10,0,1,0
BRDA:12,1,0,0
BRDA:12,1,1,0
BRDA:20,2,0,0
BRDA:20,2,1,0
BRDA:44,3,0,0
BRDA:44,3,1,0
BRF:8
BRH:0
end_of_record
TN:
SF:src\lib\utils.ts
FN:4,cn
FNF:1
FNH:1
FNDA:697,cn
DA:1,1
DA:2,1
DA:4,1
DA:5,697
LF:4
LH:4
BRF:0
BRH:0
end_of_record
TN:
SF:src\lib\prompts\animation.ts
FN:8,generateAnimationPrompt
FNF:1
FNH:1
FNDA:13,generateAnimationPrompt
DA:2,2
DA:8,2
DA:17,13
DA:19,13
DA:23,13
LF:5
LH:5
BRDA:19,0,0,1
BRDA:19,0,1,12
BRDA:19,1,0,12
BRDA:19,1,1,1
BRDA:19,2,0,13
BRDA:19,2,1,13
BRF:6
BRH:6
end_of_record
TN:
SF:src\lib\prompts\index.ts
FN:6,generatePrompt
FNF:1
FNH:1
FNDA:7,generatePrompt
DA:2,1
DA:3,1
DA:4,1
DA:6,1
DA:7,7
DA:13,7
DA:15,7
LF:7
LH:7
BRF:0
BRH:0
end_of_record
TN:
SF:src\lib\prompts\mediation.ts
FN:8,generateMediationPrompt
FNF:1
FNH:1
FNDA:7,generateMediationPrompt
DA:2,2
DA:8,2
DA:17,7
DA:19,7
DA:23,7
LF:5
LH:5
BRDA:19,0,0,1
BRDA:19,0,1,6
BRDA:19,1,0,6
BRDA:19,1,1,1
BRDA:19,2,0,7
BRDA:19,2,1,7
BRF:6
BRH:6
end_of_record
TN:
SF:src\lib\prompts\ppa.ts
FN:8,generatePPAPrompt
FNF:1
FNH:1
FNDA:9,generatePPAPrompt
DA:2,2
DA:8,2
DA:17,9
DA:19,9
DA:23,9
LF:5
LH:5
BRDA:19,0,0,1
BRDA:19,0,1,8
BRDA:19,1,0,8
BRDA:19,1,1,1
BRDA:19,2,0,9
BRDA:19,2,1,9
BRF:6
BRH:6
end_of_record
TN:
SF:src\types\index.ts
FNF:0
FNH:0
DA:50,6
DA:57,6
DA:63,6
DA:69,6
DA:75,6
LF:5
LH:5
BRF:0
BRH:0
end_of_record
